# JRE version: Java(TM) SE Runtime Environment (7.0_60-b19) (build 1.7.0_60-b19)
# Java VM: Java HotSpot(TM) 64-Bit Server VM (24.60-b09 mixed mode linux-amd64 compressed oops)
Heap
 PSYoungGen      total 265728K, used 7670K [0x00000007d6d00000, 0x00000007e7800000, 0x0000000800000000)
  eden space 258048K, 0% used [0x00000007d6d00000,0x00000007d6d00000,0x00000007e6900000)
  from space 7680K, 99% used [0x00000007e6900000,0x00000007e707da48,0x00000007e7080000)
  to   space 7680K, 0% used [0x00000007e7080000,0x00000007e7080000,0x00000007e7800000)
 ParOldGen       total 83968K, used 9848K [0x0000000784800000, 0x0000000789a00000, 0x00000007d6d00000)
  object space 83968K, 11% used [0x0000000784800000,0x000000078519e2b8,0x0000000789a00000)
 PSPermGen       total 24576K, used 24349K [0x000000077f600000, 0x0000000780e00000, 0x0000000784800000)
  object space 24576K, 99% used [0x000000077f600000,0x0000000780dc7460,0x0000000780e00000)
GC Heap History (10 events):
Event: 1,672 GC heap after
Heap after GC invocations=4 (full 0):
 PSYoungGen      total 69632K, used 5097K [0x00000007d6d00000, 0x00000007db600000, 0x0000000800000000)
  eden space 64512K, 0% used [0x00000007d6d00000,0x00000007d6d00000,0x00000007dac00000)
  from space 5120K, 99% used [0x00000007db100000,0x00000007db5fa470,0x00000007db600000)
  to   space 5120K, 0% used [0x00000007dac00000,0x00000007dac00000,0x00000007db100000)
 ParOldGen       total 83968K, used 1151K [0x0000000784800000, 0x0000000789a00000, 0x00000007d6d00000)
  object space 83968K, 1% used [0x0000000784800000,0x000000078491fc70,0x0000000789a00000)
 PSPermGen       total 21504K, used 12065K [0x000000077f600000, 0x0000000780b00000, 0x0000000784800000)
  object space 21504K, 56% used [0x000000077f600000,0x00000007801c86a0,0x0000000780b00000)
}
Event: 2,354 GC heap before
{Heap before GC invocations=5 (full 0):
 PSYoungGen      total 69632K, used 69609K [0x00000007d6d00000, 0x00000007db600000, 0x0000000800000000)
  eden space 64512K, 100% used [0x00000007d6d00000,0x00000007dac00000,0x00000007dac00000)
  from space 5120K, 99% used [0x00000007db100000,0x00000007db5fa470,0x00000007db600000)
  to   space 5120K, 0% used [0x00000007dac00000,0x00000007dac00000,0x00000007db100000)
 ParOldGen       total 83968K, used 1151K [0x0000000784800000, 0x0000000789a00000, 0x00000007d6d00000)
  object space 83968K, 1% used [0x0000000784800000,0x000000078491fc70,0x0000000789a00000)
 PSPermGen       total 21504K, used 13165K [0x000000077f600000, 0x0000000780b00000, 0x0000000784800000)
  object space 21504K, 61% used [0x000000077f600000,0x00000007802db760,0x0000000780b00000)
Event: 2,361 GC heap after
Heap after GC invocations=5 (full 0):
 PSYoungGen      total 69632K, used 5097K [0x00000007d6d00000, 0x00000007dfa00000, 0x0000000800000000)
  eden space 64512K, 0% used [0x00000007d6d00000,0x00000007d6d00000,0x00000007dac00000)
  from space 5120K, 99% used [0x00000007dac00000,0x00000007db0fa490,0x00000007db100000)
  to   space 7680K, 0% used [0x00000007df280000,0x00000007df280000,0x00000007dfa00000)
 ParOldGen       total 83968K, used 3099K [0x0000000784800000, 0x0000000789a00000, 0x00000007d6d00000)
  object space 83968K, 3% used [0x0000000784800000,0x0000000784b06c18,0x0000000789a00000)
 PSPermGen       total 21504K, used 13165K [0x000000077f600000, 0x0000000780b00000, 0x0000000784800000)
  object space 21504K, 61% used [0x000000077f600000,0x00000007802db760,0x0000000780b00000)
}
Event: 2,614 GC heap before
{Heap before GC invocations=6 (full 0):
 PSYoungGen      total 69632K, used 69609K [0x00000007d6d00000, 0x00000007dfa00000, 0x0000000800000000)
  eden space 64512K, 100% used [0x00000007d6d00000,0x00000007dac00000,0x00000007dac00000)
  from space 5120K, 99% used [0x00000007dac00000,0x00000007db0fa490,0x00000007db100000)
  to   space 7680K, 0% used [0x00000007df280000,0x00000007df280000,0x00000007dfa00000)
 ParOldGen       total 83968K, used 3099K [0x0000000784800000, 0x0000000789a00000, 0x00000007d6d00000)
  object space 83968K, 3% used [0x0000000784800000,0x0000000784b06c18,0x0000000789a00000)
 PSPermGen       total 21504K, used 13351K [0x000000077f600000, 0x0000000780b00000, 0x0000000784800000)
  object space 21504K, 62% used [0x000000077f600000,0x0000000780309f98,0x0000000780b00000)
Event: 2,619 GC heap after
Heap after GC invocations=6 (full 0):
 PSYoungGen      total 136704K, used 5451K [0x00000007d6d00000, 0x00000007dfa00000, 0x0000000800000000)
  eden space 129024K, 0% used [0x00000007d6d00000,0x00000007d6d00000,0x00000007deb00000)
  from space 7680K, 70% used [0x00000007df280000,0x00000007df7d2d00,0x00000007dfa00000)
  to   space 7680K, 0% used [0x00000007deb00000,0x00000007deb00000,0x00000007df280000)
 ParOldGen       total 83968K, used 3107K [0x0000000784800000, 0x0000000789a00000, 0x00000007d6d00000)
  object space 83968K, 3% used [0x0000000784800000,0x0000000784b08c18,0x0000000789a00000)
 PSPermGen       total 21504K, used 13351K [0x000000077f600000, 0x0000000780b00000, 0x0000000784800000)
  object space 21504K, 62% used [0x000000077f600000,0x0000000780309f98,0x0000000780b00000)
}
Event: 2,943 GC heap before
{Heap before GC invocations=7 (full 0):
 PSYoungGen      total 136704K, used 134475K [0x00000007d6d00000, 0x00000007dfa00000, 0x0000000800000000)
  eden space 129024K, 100% used [0x00000007d6d00000,0x00000007deb00000,0x00000007deb00000)
  from space 7680K, 70% used [0x00000007df280000,0x00000007df7d2d00,0x00000007dfa00000)
  to   space 7680K, 0% used [0x00000007deb00000,0x00000007deb00000,0x00000007df280000)
 ParOldGen       total 83968K, used 3107K [0x0000000784800000, 0x0000000789a00000, 0x00000007d6d00000)
  object space 83968K, 3% used [0x0000000784800000,0x0000000784b08c18,0x0000000789a00000)
 PSPermGen       total 21504K, used 13514K [0x000000077f600000, 0x0000000780b00000, 0x0000000784800000)
  object space 21504K, 62% used [0x000000077f600000,0x0000000780332970,0x0000000780b00000)
Event: 2,951 GC heap after
Heap after GC invocations=7 (full 0):
 PSYoungGen      total 136704K, used 3303K [0x00000007d6d00000, 0x00000007e7800000, 0x0000000800000000)
  eden space 129024K, 0% used [0x00000007d6d00000,0x00000007d6d00000,0x00000007deb00000)
  from space 7680K, 43% used [0x00000007deb00000,0x00000007dee39da8,0x00000007df280000)
  to   space 7680K, 0% used [0x00000007e7080000,0x00000007e7080000,0x00000007e7800000)
 ParOldGen       total 83968K, used 5238K [0x0000000784800000, 0x0000000789a00000, 0x00000007d6d00000)
  object space 83968K, 6% used [0x0000000784800000,0x0000000784d1db50,0x0000000789a00000)
 PSPermGen       total 21504K, used 13514K [0x000000077f600000, 0x0000000780b00000, 0x0000000784800000)
  object space 21504K, 62% used [0x000000077f600000,0x0000000780332970,0x0000000780b00000)
}
Event: 3,519 GC heap before
{Heap before GC invocations=8 (full 0):
 PSYoungGen      total 136704K, used 132327K [0x00000007d6d00000, 0x00000007e7800000, 0x0000000800000000)
  eden space 129024K, 100% used [0x00000007d6d00000,0x00000007deb00000,0x00000007deb00000)
  from space 7680K, 43% used [0x00000007deb00000,0x00000007dee39da8,0x00000007df280000)
  to   space 7680K, 0% used [0x00000007e7080000,0x00000007e7080000,0x00000007e7800000)
 ParOldGen       total 83968K, used 5238K [0x0000000784800000, 0x0000000789a00000, 0x00000007d6d00000)
  object space 83968K, 6% used [0x0000000784800000,0x0000000784d1db50,0x0000000789a00000)
 PSPermGen       total 21504K, used 16146K [0x000000077f600000, 0x0000000780b00000, 0x0000000784800000)
  object space 21504K, 75% used [0x000000077f600000,0x00000007805c4878,0x0000000780b00000)
Event: 3,527 GC heap after
Heap after GC invocations=8 (full 0):
 PSYoungGen      total 265728K, used 3681K [0x00000007d6d00000, 0x00000007e7800000, 0x0000000800000000)
  eden space 258048K, 0% used [0x00000007d6d00000,0x00000007d6d00000,0x00000007e6900000)
  from space 7680K, 47% used [0x00000007e7080000,0x00000007e74185d0,0x00000007e7800000)
  to   space 7680K, 0% used [0x00000007e6900000,0x00000007e6900000,0x00000007e7080000)
 ParOldGen       total 83968K, used 6710K [0x0000000784800000, 0x0000000789a00000, 0x00000007d6d00000)
  object space 83968K, 7% used [0x0000000784800000,0x0000000784e8d9c8,0x0000000789a00000)
 PSPermGen       total 21504K, used 16146K [0x000000077f600000, 0x0000000780b00000, 0x0000000784800000)
  object space 21504K, 75% used [0x000000077f600000,0x00000007805c4878,0x0000000780b00000)
}
Event: 5,951 GC heap before
{Heap before GC invocations=9 (full 0):
 PSYoungGen      total 265728K, used 261729K [0x00000007d6d00000, 0x00000007e7800000, 0x0000000800000000)
  eden space 258048K, 100% used [0x00000007d6d00000,0x00000007e6900000,0x00000007e6900000)
  from space 7680K, 47% used [0x00000007e7080000,0x00000007e74185d0,0x00000007e7800000)
  to   space 7680K, 0% used [0x00000007e6900000,0x00000007e6900000,0x00000007e7080000)
 ParOldGen       total 83968K, used 6710K [0x0000000784800000, 0x0000000789a00000, 0x00000007d6d00000)
  object space 83968K, 7% used [0x0000000784800000,0x0000000784e8d9c8,0x0000000789a00000)
 PSPermGen       total 24576K, used 24349K [0x000000077f600000, 0x0000000780e00000, 0x0000000784800000)
  object space 24576K, 99% used [0x000000077f600000,0x0000000780dc7460,0x0000000780e00000)

