# JRE version: Java(TM) SE Runtime Environment (7.0_60-b19) (build 1.7.0_60-b19)
# Java VM: Java HotSpot(TM) 64-Bit Server VM (24.60-b09 mixed mode linux-amd64 compressed oops)
Heap
 PSYoungGen      total 422912K, used 13807K [0x00000007d6d00000, 0x00000007f1b80000, 0x0000000800000000)
  eden space 409088K, 0% used [0x00000007d6d00000,0x00000007d6d00000,0x00000007efc80000)
  from space 13824K, 99% used [0x00000007efc80000,0x00000007f09fbf28,0x00000007f0a00000)
  to   space 9728K, 0% used [0x00000007f0a00000,0x00000007f0a00000,0x00000007f1380000)
 ParOldGen       total 83968K, used 32475K [0x0000000784800000, 0x0000000789a00000, 0x00000007d6d00000)
  object space 83968K, 38% used [0x0000000784800000,0x00000007867b6c48,0x0000000789a00000)
 PSPermGen       total 48128K, used 48009K [0x000000077f600000, 0x0000000782500000, 0x0000000784800000)
  object space 48128K, 99% used [0x000000077f600000,0x00000007824e2460,0x0000000782500000)
GC Heap History (10 events):
Event: 2,358 GC heap after
Heap after GC invocations=6 (full 0):
 PSYoungGen      total 136704K, used 5436K [0x00000007d6d00000, 0x00000007dfa00000, 0x0000000800000000)
  eden space 129024K, 0% used [0x00000007d6d00000,0x00000007d6d00000,0x00000007deb00000)
  from space 7680K, 70% used [0x00000007df280000,0x00000007df7cf248,0x00000007dfa00000)
  to   space 7680K, 0% used [0x00000007deb00000,0x00000007deb00000,0x00000007df280000)
 ParOldGen       total 83968K, used 3000K [0x0000000784800000, 0x0000000789a00000, 0x00000007d6d00000)
  object space 83968K, 3% used [0x0000000784800000,0x0000000784aee088,0x0000000789a00000)
 PSPermGen       total 21504K, used 13361K [0x000000077f600000, 0x0000000780b00000, 0x0000000784800000)
  object space 21504K, 62% used [0x000000077f600000,0x000000078030c5a0,0x0000000780b00000)
}
Event: 2,585 GC heap before
{Heap before GC invocations=7 (full 0):
 PSYoungGen      total 136704K, used 134460K [0x00000007d6d00000, 0x00000007dfa00000, 0x0000000800000000)
  eden space 129024K, 100% used [0x00000007d6d00000,0x00000007deb00000,0x00000007deb00000)
  from space 7680K, 70% used [0x00000007df280000,0x00000007df7cf248,0x00000007dfa00000)
  to   space 7680K, 0% used [0x00000007deb00000,0x00000007deb00000,0x00000007df280000)
 ParOldGen       total 83968K, used 3000K [0x0000000784800000, 0x0000000789a00000, 0x00000007d6d00000)
  object space 83968K, 3% used [0x0000000784800000,0x0000000784aee088,0x0000000789a00000)
 PSPermGen       total 21504K, used 13514K [0x000000077f600000, 0x0000000780b00000, 0x0000000784800000)
  object space 21504K, 62% used [0x000000077f600000,0x00000007803328d8,0x0000000780b00000)
Event: 2,592 GC heap after
Heap after GC invocations=7 (full 0):
 PSYoungGen      total 136704K, used 3303K [0x00000007d6d00000, 0x00000007e7800000, 0x0000000800000000)
  eden space 129024K, 0% used [0x00000007d6d00000,0x00000007d6d00000,0x00000007deb00000)
  from space 7680K, 43% used [0x00000007deb00000,0x00000007dee39da8,0x00000007df280000)
  to   space 7680K, 0% used [0x00000007e7080000,0x00000007e7080000,0x00000007e7800000)
 ParOldGen       total 83968K, used 5210K [0x0000000784800000, 0x0000000789a00000, 0x00000007d6d00000)
  object space 83968K, 6% used [0x0000000784800000,0x0000000784d16bf0,0x0000000789a00000)
 PSPermGen       total 21504K, used 13514K [0x000000077f600000, 0x0000000780b00000, 0x0000000784800000)
  object space 21504K, 62% used [0x000000077f600000,0x00000007803328d8,0x0000000780b00000)
}
Event: 3,138 GC heap before
{Heap before GC invocations=8 (full 0):
 PSYoungGen      total 136704K, used 132327K [0x00000007d6d00000, 0x00000007e7800000, 0x0000000800000000)
  eden space 129024K, 100% used [0x00000007d6d00000,0x00000007deb00000,0x00000007deb00000)
  from space 7680K, 43% used [0x00000007deb00000,0x00000007dee39da8,0x00000007df280000)
  to   space 7680K, 0% used [0x00000007e7080000,0x00000007e7080000,0x00000007e7800000)
 ParOldGen       total 83968K, used 5210K [0x0000000784800000, 0x0000000789a00000, 0x00000007d6d00000)
  object space 83968K, 6% used [0x0000000784800000,0x0000000784d16bf0,0x0000000789a00000)
 PSPermGen       total 21504K, used 16146K [0x000000077f600000, 0x0000000780b00000, 0x0000000784800000)
  object space 21504K, 75% used [0x000000077f600000,0x00000007805c4af0,0x0000000780b00000)
Event: 3,142 GC heap after
Heap after GC invocations=8 (full 0):
 PSYoungGen      total 265728K, used 3649K [0x00000007d6d00000, 0x00000007e7800000, 0x0000000800000000)
  eden space 258048K, 0% used [0x00000007d6d00000,0x00000007d6d00000,0x00000007e6900000)
  from space 7680K, 47% used [0x00000007e7080000,0x00000007e74105d0,0x00000007e7800000)
  to   space 7680K, 0% used [0x00000007e6900000,0x00000007e6900000,0x00000007e7080000)
 ParOldGen       total 83968K, used 6659K [0x0000000784800000, 0x0000000789a00000, 0x00000007d6d00000)
  object space 83968K, 7% used [0x0000000784800000,0x0000000784e80d70,0x0000000789a00000)
 PSPermGen       total 21504K, used 16146K [0x000000077f600000, 0x0000000780b00000, 0x0000000784800000)
  object space 21504K, 75% used [0x000000077f600000,0x00000007805c4af0,0x0000000780b00000)
}
Event: 4,405 GC heap before
{Heap before GC invocations=9 (full 0):
 PSYoungGen      total 265728K, used 261697K [0x00000007d6d00000, 0x00000007e7800000, 0x0000000800000000)
  eden space 258048K, 100% used [0x00000007d6d00000,0x00000007e6900000,0x00000007e6900000)
  from space 7680K, 47% used [0x00000007e7080000,0x00000007e74105d0,0x00000007e7800000)
  to   space 7680K, 0% used [0x00000007e6900000,0x00000007e6900000,0x00000007e7080000)
 ParOldGen       total 83968K, used 6659K [0x0000000784800000, 0x0000000789a00000, 0x00000007d6d00000)
  object space 83968K, 7% used [0x0000000784800000,0x0000000784e80d70,0x0000000789a00000)
 PSPermGen       total 24576K, used 24351K [0x000000077f600000, 0x0000000780e00000, 0x0000000784800000)
  object space 24576K, 99% used [0x000000077f600000,0x0000000780dc7d50,0x0000000780e00000)
Event: 4,414 GC heap after
Heap after GC invocations=9 (full 0):
 PSYoungGen      total 265728K, used 7664K [0x00000007d6d00000, 0x00000007f1380000, 0x0000000800000000)
  eden space 258048K, 0% used [0x00000007d6d00000,0x00000007d6d00000,0x00000007e6900000)
  from space 7680K, 99% used [0x00000007e6900000,0x00000007e707c1b8,0x00000007e7080000)
  to   space 9728K, 0% used [0x00000007f0a00000,0x00000007f0a00000,0x00000007f1380000)
 ParOldGen       total 83968K, used 9822K [0x0000000784800000, 0x0000000789a00000, 0x00000007d6d00000)
  object space 83968K, 11% used [0x0000000784800000,0x0000000785197bc8,0x0000000789a00000)
 PSPermGen       total 24576K, used 24351K [0x000000077f600000, 0x0000000780e00000, 0x0000000784800000)
  object space 24576K, 99% used [0x000000077f600000,0x0000000780dc7d50,0x0000000780e00000)
}
Event: 5,910 GC heap before
{Heap before GC invocations=10 (full 0):
 PSYoungGen      total 265728K, used 265712K [0x00000007d6d00000, 0x00000007f1380000, 0x0000000800000000)
  eden space 258048K, 100% used [0x00000007d6d00000,0x00000007e6900000,0x00000007e6900000)
  from space 7680K, 99% used [0x00000007e6900000,0x00000007e707c1b8,0x00000007e7080000)
  to   space 9728K, 0% used [0x00000007f0a00000,0x00000007f0a00000,0x00000007f1380000)
 ParOldGen       total 83968K, used 9822K [0x0000000784800000, 0x0000000789a00000, 0x00000007d6d00000)
  object space 83968K, 11% used [0x0000000784800000,0x0000000785197bc8,0x0000000789a00000)
 PSPermGen       total 37888K, used 37475K [0x000000077f600000, 0x0000000781b00000, 0x0000000784800000)
  object space 37888K, 98% used [0x000000077f600000,0x0000000781a98cc8,0x0000000781b00000)
Event: 6,122 GC heap after
Heap after GC invocations=10 (full 0):
 PSYoungGen      total 418816K, used 9716K [0x00000007d6d00000, 0x00000007f1b80000, 0x0000000800000000)
  eden space 409088K, 0% used [0x00000007d6d00000,0x00000007d6d00000,0x00000007efc80000)
  from space 9728K, 99% used [0x00000007f0a00000,0x00000007f137d2c0,0x00000007f1380000)
  to   space 13824K, 0% used [0x00000007efc80000,0x00000007efc80000,0x00000007f0a00000)
 ParOldGen       total 83968K, used 18241K [0x0000000784800000, 0x0000000789a00000, 0x00000007d6d00000)
  object space 83968K, 21% used [0x0000000784800000,0x00000007859d0620,0x0000000789a00000)
 PSPermGen       total 37888K, used 37475K [0x000000077f600000, 0x0000000781b00000, 0x0000000784800000)
  object space 37888K, 98% used [0x000000077f600000,0x0000000781a98cc8,0x0000000781b00000)
}
Event: 82,481 GC heap before
{Heap before GC invocations=11 (full 0):
 PSYoungGen      total 418816K, used 418804K [0x00000007d6d00000, 0x00000007f1b80000, 0x0000000800000000)
  eden space 409088K, 100% used [0x00000007d6d00000,0x00000007efc80000,0x00000007efc80000)
  from space 9728K, 99% used [0x00000007f0a00000,0x00000007f137d2c0,0x00000007f1380000)
  to   space 13824K, 0% used [0x00000007efc80000,0x00000007efc80000,0x00000007f0a00000)
 ParOldGen       total 83968K, used 18241K [0x0000000784800000, 0x0000000789a00000, 0x00000007d6d00000)
  object space 83968K, 21% used [0x0000000784800000,0x00000007859d0620,0x0000000789a00000)
 PSPermGen       total 48128K, used 48009K [0x000000077f600000, 0x0000000782500000, 0x0000000784800000)
  object space 48128K, 99% used [0x000000077f600000,0x00000007824e2460,0x0000000782500000)

