# JRE version: Java(TM) SE Runtime Environment (7.0_60-b19) (build 1.7.0_60-b19)
# Java VM: Java HotSpot(TM) 64-Bit Server VM (24.60-b09 mixed mode linux-amd64 compressed oops)
Heap
 PSYoungGen      total 422912K, used 13820K [0x00000007d6d00000, 0x00000007f1b80000, 0x0000000800000000)
  eden space 409088K, 0% used [0x00000007d6d00000,0x00000007d6d00000,0x00000007efc80000)
  from space 13824K, 99% used [0x00000007efc80000,0x00000007f09ff0f8,0x00000007f0a00000)
  to   space 9728K, 0% used [0x00000007f0a00000,0x00000007f0a00000,0x00000007f1380000)
 ParOldGen       total 83968K, used 32954K [0x0000000784800000, 0x0000000789a00000, 0x00000007d6d00000)
  object space 83968K, 39% used [0x0000000784800000,0x000000078682ea40,0x0000000789a00000)
 PSPermGen       total 48128K, used 47647K [0x000000077f600000, 0x0000000782500000, 0x0000000784800000)
  object space 48128K, 99% used [0x000000077f600000,0x0000000782487d90,0x0000000782500000)
GC Heap History (10 events):
Event: 2,991 GC heap after
Heap after GC invocations=6 (full 0):
 PSYoungGen      total 136704K, used 5433K [0x00000007d6d00000, 0x00000007dfa00000, 0x0000000800000000)
  eden space 129024K, 0% used [0x00000007d6d00000,0x00000007d6d00000,0x00000007deb00000)
  from space 7680K, 70% used [0x00000007df280000,0x00000007df7ce4a0,0x00000007dfa00000)
  to   space 7680K, 0% used [0x00000007deb00000,0x00000007deb00000,0x00000007df280000)
 ParOldGen       total 83968K, used 3039K [0x0000000784800000, 0x0000000789a00000, 0x00000007d6d00000)
  object space 83968K, 3% used [0x0000000784800000,0x0000000784af7f28,0x0000000789a00000)
 PSPermGen       total 21504K, used 13363K [0x000000077f600000, 0x0000000780b00000, 0x0000000784800000)
  object space 21504K, 62% used [0x000000077f600000,0x000000078030cd08,0x0000000780b00000)
}
Event: 3,336 GC heap before
{Heap before GC invocations=7 (full 0):
 PSYoungGen      total 136704K, used 134457K [0x00000007d6d00000, 0x00000007dfa00000, 0x0000000800000000)
  eden space 129024K, 100% used [0x00000007d6d00000,0x00000007deb00000,0x00000007deb00000)
  from space 7680K, 70% used [0x00000007df280000,0x00000007df7ce4a0,0x00000007dfa00000)
  to   space 7680K, 0% used [0x00000007deb00000,0x00000007deb00000,0x00000007df280000)
 ParOldGen       total 83968K, used 3039K [0x0000000784800000, 0x0000000789a00000, 0x00000007d6d00000)
  object space 83968K, 3% used [0x0000000784800000,0x0000000784af7f28,0x0000000789a00000)
 PSPermGen       total 21504K, used 13516K [0x000000077f600000, 0x0000000780b00000, 0x0000000784800000)
  object space 21504K, 62% used [0x000000077f600000,0x0000000780333000,0x0000000780b00000)
Event: 3,343 GC heap after
Heap after GC invocations=7 (full 0):
 PSYoungGen      total 136704K, used 3303K [0x00000007d6d00000, 0x00000007e7800000, 0x0000000800000000)
  eden space 129024K, 0% used [0x00000007d6d00000,0x00000007d6d00000,0x00000007deb00000)
  from space 7680K, 43% used [0x00000007deb00000,0x00000007dee39da8,0x00000007df280000)
  to   space 7680K, 0% used [0x00000007e7080000,0x00000007e7080000,0x00000007e7800000)
 ParOldGen       total 83968K, used 5257K [0x0000000784800000, 0x0000000789a00000, 0x00000007d6d00000)
  object space 83968K, 6% used [0x0000000784800000,0x0000000784d22498,0x0000000789a00000)
 PSPermGen       total 21504K, used 13516K [0x000000077f600000, 0x0000000780b00000, 0x0000000784800000)
  object space 21504K, 62% used [0x000000077f600000,0x0000000780333000,0x0000000780b00000)
}
Event: 3,827 GC heap before
{Heap before GC invocations=8 (full 0):
 PSYoungGen      total 136704K, used 132327K [0x00000007d6d00000, 0x00000007e7800000, 0x0000000800000000)
  eden space 129024K, 100% used [0x00000007d6d00000,0x00000007deb00000,0x00000007deb00000)
  from space 7680K, 43% used [0x00000007deb00000,0x00000007dee39da8,0x00000007df280000)
  to   space 7680K, 0% used [0x00000007e7080000,0x00000007e7080000,0x00000007e7800000)
 ParOldGen       total 83968K, used 5257K [0x0000000784800000, 0x0000000789a00000, 0x00000007d6d00000)
  object space 83968K, 6% used [0x0000000784800000,0x0000000784d22498,0x0000000789a00000)
 PSPermGen       total 21504K, used 16148K [0x000000077f600000, 0x0000000780b00000, 0x0000000784800000)
  object space 21504K, 75% used [0x000000077f600000,0x00000007805c50e8,0x0000000780b00000)
Event: 3,835 GC heap after
Heap after GC invocations=8 (full 0):
 PSYoungGen      total 265728K, used 3709K [0x00000007d6d00000, 0x00000007e7800000, 0x0000000800000000)
  eden space 258048K, 0% used [0x00000007d6d00000,0x00000007d6d00000,0x00000007e6900000)
  from space 7680K, 48% used [0x00000007e7080000,0x00000007e741f420,0x00000007e7800000)
  to   space 7680K, 0% used [0x00000007e6900000,0x00000007e6900000,0x00000007e7080000)
 ParOldGen       total 83968K, used 7405K [0x0000000784800000, 0x0000000789a00000, 0x00000007d6d00000)
  object space 83968K, 8% used [0x0000000784800000,0x0000000784f3b628,0x0000000789a00000)
 PSPermGen       total 21504K, used 16148K [0x000000077f600000, 0x0000000780b00000, 0x0000000784800000)
  object space 21504K, 75% used [0x000000077f600000,0x00000007805c50e8,0x0000000780b00000)
}
Event: 5,027 GC heap before
{Heap before GC invocations=9 (full 0):
 PSYoungGen      total 265728K, used 261757K [0x00000007d6d00000, 0x00000007e7800000, 0x0000000800000000)
  eden space 258048K, 100% used [0x00000007d6d00000,0x00000007e6900000,0x00000007e6900000)
  from space 7680K, 48% used [0x00000007e7080000,0x00000007e741f420,0x00000007e7800000)
  to   space 7680K, 0% used [0x00000007e6900000,0x00000007e6900000,0x00000007e7080000)
 ParOldGen       total 83968K, used 7405K [0x0000000784800000, 0x0000000789a00000, 0x00000007d6d00000)
  object space 83968K, 8% used [0x0000000784800000,0x0000000784f3b628,0x0000000789a00000)
 PSPermGen       total 24576K, used 24350K [0x000000077f600000, 0x0000000780e00000, 0x0000000784800000)
  object space 24576K, 99% used [0x000000077f600000,0x0000000780dc7bd0,0x0000000780e00000)
Event: 5,037 GC heap after
Heap after GC invocations=9 (full 0):
 PSYoungGen      total 265728K, used 7655K [0x00000007d6d00000, 0x00000007f1380000, 0x0000000800000000)
  eden space 258048K, 0% used [0x00000007d6d00000,0x00000007d6d00000,0x00000007e6900000)
  from space 7680K, 99% used [0x00000007e6900000,0x00000007e7079d50,0x00000007e7080000)
  to   space 9728K, 0% used [0x00000007f0a00000,0x00000007f0a00000,0x00000007f1380000)
 ParOldGen       total 83968K, used 10717K [0x0000000784800000, 0x0000000789a00000, 0x00000007d6d00000)
  object space 83968K, 12% used [0x0000000784800000,0x00000007852775f8,0x0000000789a00000)
 PSPermGen       total 24576K, used 24350K [0x000000077f600000, 0x0000000780e00000, 0x0000000784800000)
  object space 24576K, 99% used [0x000000077f600000,0x0000000780dc7bd0,0x0000000780e00000)
}
Event: 6,684 GC heap before
{Heap before GC invocations=10 (full 0):
 PSYoungGen      total 265728K, used 265703K [0x00000007d6d00000, 0x00000007f1380000, 0x0000000800000000)
  eden space 258048K, 100% used [0x00000007d6d00000,0x00000007e6900000,0x00000007e6900000)
  from space 7680K, 99% used [0x00000007e6900000,0x00000007e7079d50,0x00000007e7080000)
  to   space 9728K, 0% used [0x00000007f0a00000,0x00000007f0a00000,0x00000007f1380000)
 ParOldGen       total 83968K, used 10717K [0x0000000784800000, 0x0000000789a00000, 0x00000007d6d00000)
  object space 83968K, 12% used [0x0000000784800000,0x00000007852775f8,0x0000000789a00000)
 PSPermGen       total 37376K, used 37329K [0x000000077f600000, 0x0000000781a80000, 0x0000000784800000)
  object space 37376K, 99% used [0x000000077f600000,0x0000000781a744c0,0x0000000781a80000)
Event: 6,699 GC heap after
Heap after GC invocations=10 (full 0):
 PSYoungGen      total 418816K, used 9717K [0x00000007d6d00000, 0x00000007f1b80000, 0x0000000800000000)
  eden space 409088K, 0% used [0x00000007d6d00000,0x00000007d6d00000,0x00000007efc80000)
  from space 9728K, 99% used [0x00000007f0a00000,0x00000007f137d560,0x00000007f1380000)
  to   space 13824K, 0% used [0x00000007efc80000,0x00000007efc80000,0x00000007f0a00000)
 ParOldGen       total 83968K, used 18821K [0x0000000784800000, 0x0000000789a00000, 0x00000007d6d00000)
  object space 83968K, 22% used [0x0000000784800000,0x0000000785a616f0,0x0000000789a00000)
 PSPermGen       total 37376K, used 37329K [0x000000077f600000, 0x0000000781a80000, 0x0000000784800000)
  object space 37376K, 99% used [0x000000077f600000,0x0000000781a744c0,0x0000000781a80000)
}
Event: 337,478 GC heap before
{Heap before GC invocations=11 (full 0):
 PSYoungGen      total 418816K, used 418805K [0x00000007d6d00000, 0x00000007f1b80000, 0x0000000800000000)
  eden space 409088K, 100% used [0x00000007d6d00000,0x00000007efc80000,0x00000007efc80000)
  from space 9728K, 99% used [0x00000007f0a00000,0x00000007f137d560,0x00000007f1380000)
  to   space 13824K, 0% used [0x00000007efc80000,0x00000007efc80000,0x00000007f0a00000)
 ParOldGen       total 83968K, used 18821K [0x0000000784800000, 0x0000000789a00000, 0x00000007d6d00000)
  object space 83968K, 22% used [0x0000000784800000,0x0000000785a616f0,0x0000000789a00000)
 PSPermGen       total 48128K, used 47647K [0x000000077f600000, 0x0000000782500000, 0x0000000784800000)
  object space 48128K, 99% used [0x000000077f600000,0x0000000782487d90,0x0000000782500000)

